<?xml version="1.0" encoding="UTF-8"?>
<!-- Generated by org.testng.reporters.JUnitReportReporter -->
<testsuite skipped="0" hostname="DESKTOP-ABR8U0D" name="com.actiTime.tests.ValidLoginLogoutTest" tests="1" failures="0" timestamp="17 Mar 2020 13:57:19 GMT" time="35.220" errors="0">
  <testcase name="testValidloginlogout" time="35.220" classname="com.actiTime.tests.ValidLoginLogoutTest"/>
</testsuite> <!-- com.actiTime.tests.ValidLoginLogoutTest -->
